<?xml version="1.0" encoding="UTF-8"?>
<testng-results skipped="0" failed="0" ignored="0" total="8" passed="8">
  <reporter-output>
  </reporter-output>
  <suite name="Suite" duration-ms="274525" started-at="2021-04-28T17:21:23 IST" finished-at="2021-04-28T17:25:58 IST">
    <groups>
    </groups>
    <test name="Test" duration-ms="274525" started-at="2021-04-28T17:21:23 IST" finished-at="2021-04-28T17:25:58 IST">
      <class name="Test.testfindhospital">
        <test-method status="PASS" signature="setdriver(java.lang.String)[pri:0, instance:Test.testfindhospital@382db087]" name="setdriver" is-config="true" duration-ms="35809" started-at="2021-04-28T17:21:23 IST" finished-at="2021-04-28T17:21:59 IST">
          <params>
            <param index="0">
              <value>
                <![CDATA[Firefox]]>
              </value>
            </param>
          </params>
          <reporter-output>
          </reporter-output>
        </test-method> <!-- setdriver -->
        <test-method status="PASS" signature="launchbrowser()[pri:1, instance:Test.testfindhospital@382db087]" name="launchbrowser" duration-ms="48635" started-at="2021-04-28T17:21:59 IST" finished-at="2021-04-28T17:22:48 IST">
          <reporter-output>
          </reporter-output>
        </test-method> <!-- launchbrowser -->
        <test-method status="PASS" signature="location()[pri:2, instance:Test.testfindhospital@382db087]" name="location" duration-ms="20642" started-at="2021-04-28T17:22:48 IST" finished-at="2021-04-28T17:23:08 IST">
          <reporter-output>
          </reporter-output>
        </test-method> <!-- location -->
        <test-method status="PASS" signature="search()[pri:3, instance:Test.testfindhospital@382db087]" name="search" duration-ms="136104" started-at="2021-04-28T17:23:08 IST" finished-at="2021-04-28T17:25:24 IST">
          <reporter-output>
          </reporter-output>
        </test-method> <!-- search -->
        <test-method status="PASS" signature="clickondiagostic()[pri:4, instance:Test.testfindhospital@382db087]" name="clickondiagostic" duration-ms="4885" started-at="2021-04-28T17:25:24 IST" finished-at="2021-04-28T17:25:29 IST">
          <reporter-output>
          </reporter-output>
        </test-method> <!-- clickondiagostic -->
        <test-method status="PASS" signature="gettopcitieslist()[pri:5, instance:Test.testfindhospital@382db087]" name="gettopcitieslist" duration-ms="1633" started-at="2021-04-28T17:25:29 IST" finished-at="2021-04-28T17:25:31 IST">
          <reporter-output>
          </reporter-output>
        </test-method> <!-- gettopcitieslist -->
        <test-method status="PASS" signature="corporatewellness()[pri:6, instance:Test.testfindhospital@382db087]" name="corporatewellness" duration-ms="1226" started-at="2021-04-28T17:25:31 IST" finished-at="2021-04-28T17:25:32 IST">
          <reporter-output>
          </reporter-output>
        </test-method> <!-- corporatewellness -->
        <test-method status="PASS" signature="fillup()[pri:7, instance:Test.testfindhospital@382db087]" name="fillup" duration-ms="16687" started-at="2021-04-28T17:25:32 IST" finished-at="2021-04-28T17:25:49 IST">
          <reporter-output>
          </reporter-output>
        </test-method> <!-- fillup -->
        <test-method status="PASS" signature="quitbrowser()[pri:8, instance:Test.testfindhospital@382db087]" name="quitbrowser" duration-ms="8775" started-at="2021-04-28T17:25:49 IST" finished-at="2021-04-28T17:25:58 IST">
          <reporter-output>
          </reporter-output>
        </test-method> <!-- quitbrowser -->
      </class> <!-- Test.testfindhospital -->
    </test> <!-- Test -->
  </suite> <!-- Suite -->
</testng-results>
