<?xml version="1.0" encoding="UTF-8"?>
<!-- Generated by org.testng.reporters.JUnitXMLReporter -->
<testsuite hostname="DESKTOP-K7B23CB" ignored="0" name="Test" tests="8" failures="0" timestamp="2021-04-28T17:25:58 IST" time="274.525" errors="0">
  <testcase name="launchbrowser" time="48.635" classname="Test.testfindhospital"/>
  <testcase name="location" time="20.642" classname="Test.testfindhospital"/>
  <testcase name="search" time="136.104" classname="Test.testfindhospital"/>
  <testcase name="clickondiagostic" time="4.885" classname="Test.testfindhospital"/>
  <testcase name="gettopcitieslist" time="1.633" classname="Test.testfindhospital"/>
  <testcase name="corporatewellness" time="1.226" classname="Test.testfindhospital"/>
  <testcase name="fillup" time="16.687" classname="Test.testfindhospital"/>
  <testcase name="quitbrowser" time="8.775" classname="Test.testfindhospital"/>
</testsuite> <!-- Test -->
